<?xml version="1.0" encoding="UTF-8"?>
<!-- Generated by org.testng.reporters.JUnitReportReporter -->
<testsuite skipped="0" hostname="LAPTOP-AN067CKH" name="qaclickacademy.Mavenjava.SeleniumTest" tests="2" failures="0" timestamp="2020-06-10T12:22:56 EDT" time="0.018" errors="0">
  <testcase name="BrowserAutomation" time="0.016" classname="qaclickacademy.Mavenjava.SeleniumTest"/>
  <system-out/>
  <testcase name="elementsUi" time="0.002" classname="qaclickacademy.Mavenjava.SeleniumTest"/>
  <system-out/>
</testsuite> <!-- qaclickacademy.Mavenjava.SeleniumTest -->
