<?xml version="1.0" encoding="UTF-8"?>
<!-- Generated by org.testng.reporters.JUnitReportReporter -->
<testsuite skipped="0" hostname="LAPTOP-AN067CKH" name="qaclickacademy.Mavenjava.RESTAPITest" tests="2" failures="0" timestamp="2020-06-11T16:01:23 EDT" time="0.005" errors="0">
  <testcase name="deleteTwitter" time="0.004" classname="qaclickacademy.Mavenjava.RESTAPITest"/>
  <system-out/>
  <testcase name="postjira" time="0.001" classname="qaclickacademy.Mavenjava.RESTAPITest"/>
  <system-out/>
</testsuite> <!-- qaclickacademy.Mavenjava.RESTAPITest -->
