<?xml version="1.0" encoding="UTF-8"?>
<!-- Generated by org.testng.reporters.JUnitReportReporter -->
<testsuite skipped="0" hostname="LAPTOP-AN067CKH" name="qaclickacademy.Mavenjava.AppTest" tests="1" failures="0" timestamp="2020-06-08T15:11:13 EDT" time="0.005" errors="0">
  <testcase name="shouldAnswerWithTrue" time="0.005" classname="qaclickacademy.Mavenjava.AppTest"/>
  <system-out/>
</testsuite> <!-- qaclickacademy.Mavenjava.AppTest -->
